<?xml version="1.0" encoding="UTF-8"?>
<testng-results ignored="0" total="1" passed="1" failed="0" skipped="0">
  <reporter-output>
  </reporter-output>
  <suite started-at="2020-06-10T03:36:32 EDT" name="Default suite" finished-at="2020-06-10T03:37:05 EDT" duration-ms="32530">
    <groups>
    </groups>
    <test started-at="2020-06-10T03:36:32 EDT" name="Default test" finished-at="2020-06-10T03:37:05 EDT" duration-ms="32530">
      <class name="com.ncl.ScenarioTwo">
        <test-method signature="destinationsTest()[pri:0, instance:com.ncl.ScenarioTwo@5a955565]" started-at="2020-06-10T03:36:32 EDT" name="destinationsTest" finished-at="2020-06-10T03:37:05 EDT" duration-ms="32487" status="PASS">
          <reporter-output>
          </reporter-output>
        </test-method> <!-- destinationsTest -->
      </class> <!-- com.ncl.ScenarioTwo -->
    </test> <!-- Default test -->
  </suite> <!-- Default suite -->
</testng-results>
